Thu 21 Mar 2024 07:09:54 PM UTC: 
 exercises.c | 6 ++++++
 1 file changed, 6 insertions(+)
In file included from test.c:5:
exercises.c: In function ‘crea_lista’:
exercises.c:49:7: error: implicit declaration of function ‘push_front’; did you mean ‘pushFront’? [-Werror=implicit-function-declaration]
   49 |       push_front(L, dato);
      |       ^~~~~~~~~~
      |       pushFront
cc1: all warnings being treated as errors
Compilation failed
6825dab
Thu 21 Mar 2024 07:10:16 PM UTC: 
 exercises.c | 2 +-
 1 file changed, 1 insertion(+), 1 deletion(-)
 tests:  1|4
total_score: 10/70
8078d2e
Thu 21 Mar 2024 07:10:50 PM UTC: 
 exercises.c | 2 +-
 1 file changed, 1 insertion(+), 1 deletion(-)
 tests:  1|3
total_score: 20/70
5fbfbb9
Thu 21 Mar 2024 07:12:36 PM UTC: 
 exercises.c | 6 ++++++
 1 file changed, 6 insertions(+)
 tests:  1|4
total_score: 10/70
67544a9
Thu 21 Mar 2024 07:13:08 PM UTC: 
 exercises.c | 2 +-
 1 file changed, 1 insertion(+), 1 deletion(-)
 tests:  2|3
total_score: 20/70
935034e
Thu 21 Mar 2024 07:14:35 PM UTC: 
 exercises.c | 8 +++++++-
 1 file changed, 7 insertions(+), 1 deletion(-)
In file included from test.c:5:
exercises.c: In function ‘eliminaElementos’:
exercises.c:84:20: error: assignment to ‘int’ from ‘void *’ makes integer from pointer without a cast [-Werror=int-conversion]
   84 |     else *elemento = next(L);
      |                    ^
cc1: all warnings being treated as errors
Compilation failed
548a645
Thu 21 Mar 2024 07:15:31 PM UTC: 
 exercises.c | 2 +-
 1 file changed, 1 insertion(+), 1 deletion(-)
 tests:  0|2
total_score: 40/70
97586f7
Thu 21 Mar 2024 07:25:01 PM UTC: 
 exercises.c | 11 +++++++++++
 1 file changed, 11 insertions(+)
 tests:  0|0
ae8ea78
Thu 21 Mar 2024 07:27:19 PM UTC: 
 exercises.c | 3 +--
 1 file changed, 1 insertion(+), 2 deletions(-)
In file included from test.c:5:
exercises.c: In function ‘copia_pila’:
exercises.c:99:16: error: ‘dato’ undeclared (first use in this function)
   99 |     push(Paux, dato);
      |                ^~~~
exercises.c:99:16: note: each undeclared identifier is reported only once for each function it appears in
Compilation failed
808c24b
Thu 21 Mar 2024 07:27:34 PM UTC: 
 exercises.c | 2 +-
 1 file changed, 1 insertion(+), 1 deletion(-)
 tests:  4|1
total_score: 50/70
c479fbd
Thu 21 Mar 2024 07:38:33 PM UTC: 
 exercises.c | 14 +++++++++++++-
 1 file changed, 13 insertions(+), 1 deletion(-)
In file included from test.c:5:
exercises.c: In function ‘parentesisBalanceados’:
exercises.c:121:37: error: comparison between pointer and integer [-Werror]
  121 |       if(cadena[i] == ')' && top(P) == '(') pop(P);
      |                                     ^~
exercises.c:123:38: error: comparison between pointer and integer [-Werror]
  123 |       if (cadena[i] == ']' && top(P) == '[') pop(P);
      |                                      ^~
exercises.c:125:38: error: comparison between pointer and integer [-Werror]
  125 |       if (cadena[i] == '}' && top(P) == '{') pop(P);
      |                                      ^~
cc1: all warnings being treated as errors
Compilation failed
96a0062
Thu 21 Mar 2024 07:41:10 PM UTC: 
 exercises.c | 2 --
 1 file changed, 2 deletions(-)
In file included from test.c:5:
exercises.c: In function ‘parentesisBalanceados’:
exercises.c:121:37: error: comparison between pointer and integer [-Werror]
  121 |       if(cadena[i] == ')' && top(P) == '(') pop(P);
      |                                     ^~
exercises.c:122:38: error: comparison between pointer and integer [-Werror]
  122 |       if (cadena[i] == ']' && top(P) == '[') pop(P);
      |                                      ^~
exercises.c:123:38: error: comparison between pointer and integer [-Werror]
  123 |       if (cadena[i] == '}' && top(P) == '{') pop(P);
      |                                      ^~
cc1: all warnings being treated as errors
Compilation failed
6747217
Thu 21 Mar 2024 07:42:40 PM UTC: 
 exercises.c | 6 +++---
 1 file changed, 3 insertions(+), 3 deletions(-)
In file included from test.c:5:
exercises.c: In function ‘parentesisBalanceados’:
exercises.c:121:34: error: passing argument 1 of ‘top’ from incompatible pointer type [-Werror=incompatible-pointer-types]
  121 |       if(cadena[i] == ')' && top(&P) == '(') pop(P);
      |                                  ^~
      |                                  |
      |                                  Stack ** {aka List **}
In file included from exercises.c:7,
                 from test.c:5:
stack.h:14:18: note: expected ‘Stack *’ {aka ‘List *’} but argument is of type ‘Stack **’ {aka ‘List **’}
   14 | void *top(Stack *stack) { return first(stack); }
      |           ~~~~~~~^~~~~
In file included from test.c:5:
exercises.c:121:38: error: comparison between pointer and integer [-Werror]
  121 |       if(cadena[i] == ')' && top(&P) == '(') pop(P);
      |                                      ^~
exercises.c:122:35: error: passing argument 1 of ‘top’ from incompatible pointer type [-Werror=incompatible-pointer-types]
  122 |       if (cadena[i] == ']' && top(&P) == '[') pop(P);
      |                                   ^~
      |                                   |
      |                                   Stack ** {aka List **}
In file included from exercises.c:7,
                 from test.c:5:
stack.h:14:18: note: expected ‘Stack *’ {aka ‘List *’} but argument is of type ‘Stack **’ {aka ‘List **’}
   14 | void *top(Stack *stack) { return first(stack); }
      |           ~~~~~~~^~~~~
In file included from test.c:5:
exercises.c:122:39: error: comparison between pointer and integer [-Werror]
  122 |       if (cadena[i] == ']' && top(&P) == '[') pop(P);
      |                                       ^~
exercises.c:123:35: error: passing argument 1 of ‘top’ from incompatible pointer type [-Werror=incompatible-pointer-types]
  123 |       if (cadena[i] == '}' && top(&P) == '{') pop(P);
      |                                   ^~
      |                                   |
      |                                   Stack ** {aka List **}
In file included from exercises.c:7,
                 from test.c:5:
stack.h:14:18: note: expected ‘Stack *’ {aka ‘List *’} but argument is of type ‘Stack **’ {aka ‘List **’}
   14 | void *top(Stack *stack) { return first(stack); }
      |           ~~~~~~~^~~~~
In file included from test.c:5:
exercises.c:123:39: error: comparison between pointer and integer [-Werror]
  123 |       if (cadena[i] == '}' && top(&P) == '{') pop(P);
      |                                       ^~
cc1: all warnings being treated as errors
Compilation failed
639e59d
Thu 21 Mar 2024 07:46:58 PM UTC: 
 exercises.c | 6 +++---
 1 file changed, 3 insertions(+), 3 deletions(-)
In file included from test.c:5:
exercises.c: In function ‘parentesisBalanceados’:
exercises.c:121:37: error: comparison between pointer and integer [-Werror]
  121 |       if(cadena[i] == ')' && top(P) == '(' ||
      |                                     ^~
exercises.c:122:35: error: comparison between pointer and integer [-Werror]
  122 |       (cadena[i] == ']' && top(P) == '[' ||
      |                                   ^~
exercises.c:123:35: error: comparison between pointer and integer [-Werror]
  123 |       (cadena[i] == '}' && top(P) == '{'))) pop(P);
      |                                   ^~
exercises.c:122:25: error: suggest parentheses around ‘&&’ within ‘||’ [-Werror=parentheses]
  122 |       (cadena[i] == ']' && top(P) == '[' ||
      |        ~~~~~~~~~~~~~~~~~^~~~~~~~~~~~~~~~
exercises.c:121:27: error: suggest parentheses around ‘&&’ within ‘||’ [-Werror=parentheses]
  121 |       if(cadena[i] == ')' && top(P) == '(' ||
      |          ~~~~~~~~~~~~~~~~~^~~~~~~~~~~~~~~~
cc1: all warnings being treated as errors
Compilation failed
d61c764
Thu 21 Mar 2024 07:48:23 PM UTC: 
 exercises.c | 3 ++-
 1 file changed, 2 insertions(+), 1 deletion(-)
In file included from test.c:5:
exercises.c: In function ‘parentesisBalanceados’:
exercises.c:121:37: error: comparison between pointer and integer [-Werror]
  121 |       if(cadena[i] == ')' && top(P) == '(' ||
      |                                     ^~
exercises.c:122:35: error: comparison between pointer and integer [-Werror]
  122 |       (cadena[i] == ']' && top(P) == '[' ||
      |                                   ^~
exercises.c:123:35: error: comparison between pointer and integer [-Werror]
  123 |       (cadena[i] == '}' && top(P) == '{'))) pop(P);
      |                                   ^~
exercises.c:122:25: error: suggest parentheses around ‘&&’ within ‘||’ [-Werror=parentheses]
  122 |       (cadena[i] == ']' && top(P) == '[' ||
      |        ~~~~~~~~~~~~~~~~~^~~~~~~~~~~~~~~~
exercises.c:121:27: error: suggest parentheses around ‘&&’ within ‘||’ [-Werror=parentheses]
  121 |       if(cadena[i] == ')' && top(P) == '(' ||
      |          ~~~~~~~~~~~~~~~~~^~~~~~~~~~~~~~~~
exercises.c:129:1: error: control reaches end of non-void function [-Werror=return-type]
  129 | }
      | ^
cc1: all warnings being treated as errors
Compilation failed
7084388
Thu 21 Mar 2024 07:49:40 PM UTC: 
 exercises.c | 4 ++--
 1 file changed, 2 insertions(+), 2 deletions(-)
In file included from test.c:5:
exercises.c: In function ‘parentesisBalanceados’:
exercises.c:121:37: error: comparison between pointer and integer [-Werror]
  121 |       if(cadena[i] == ')' && top(P) == '(' ||
      |                                     ^~
exercises.c:122:34: error: comparison between pointer and integer [-Werror]
  122 |       cadena[i] == ']' && top(P) == '[' ||
      |                                  ^~
exercises.c:121:27: error: suggest parentheses around ‘&&’ within ‘||’ [-Werror=parentheses]
  121 |       if(cadena[i] == ')' && top(P) == '(' ||
      |          ~~~~~~~~~~~~~~~~~^~~~~~~~~~~~~~~~
exercises.c:123:34: error: comparison between pointer and integer [-Werror]
  123 |       cadena[i] == '}' && top(P) == '{') pop(P);
      |                                  ^~
exercises.c:123:24: error: suggest parentheses around ‘&&’ within ‘||’ [-Werror=parentheses]
  123 |       cadena[i] == '}' && top(P) == '{') pop(P);
      |       ~~~~~~~~~~~~~~~~~^~~~~~~~~~~~~~~~
exercises.c:129:1: error: control reaches end of non-void function [-Werror=return-type]
  129 | }
      | ^
cc1: all warnings being treated as errors
Compilation failed
365c54e
Thu 21 Mar 2024 07:50:40 PM UTC: 
 exercises.c | 6 +++---
 1 file changed, 3 insertions(+), 3 deletions(-)
In file included from test.c:5:
exercises.c: In function ‘parentesisBalanceados’:
exercises.c:121:30: error: dereferencing ‘void *’ pointer [-Werror]
  121 |       if(cadena[i] == ')' && *top(P) == '(' ||
      |                              ^~~~~~~
exercises.c:121:30: error: void value not ignored as it ought to be
exercises.c:122:27: error: dereferencing ‘void *’ pointer [-Werror]
  122 |       cadena[i] == ']' && *top(P) == '[' ||
      |                           ^~~~~~~
exercises.c:122:27: error: void value not ignored as it ought to be
exercises.c:123:27: error: dereferencing ‘void *’ pointer [-Werror]
  123 |       cadena[i] == '}' && *top(P) == '{') pop(P);
      |                           ^~~~~~~
exercises.c:123:27: error: void value not ignored as it ought to be
exercises.c:129:1: error: control reaches end of non-void function [-Werror=return-type]
  129 | }
      | ^
cc1: all warnings being treated as errors
Compilation failed
2b7cc27
Thu 21 Mar 2024 07:51:05 PM UTC: 
 exercises.c | 6 +++---
 1 file changed, 3 insertions(+), 3 deletions(-)
In file included from test.c:5:
exercises.c: In function ‘parentesisBalanceados’:
exercises.c:121:30: error: expected expression before ‘char’
  121 |       if(cadena[i] == ')' && char top(P) == '(' ||
      |                              ^~~~
exercises.c:129:1: error: control reaches end of non-void function [-Werror=return-type]
  129 | }
      | ^
cc1: all warnings being treated as errors
Compilation failed
4be71a5
Thu 21 Mar 2024 07:51:42 PM UTC: 
 exercises.c | 6 +++---
 1 file changed, 3 insertions(+), 3 deletions(-)
In file included from test.c:5:
exercises.c: In function ‘parentesisBalanceados’:
exercises.c:121:45: error: comparison between pointer and integer [-Werror]
  121 |       if(cadena[i] == ')' && (char*) top(P) == '(' ||
      |                                             ^~
exercises.c:122:42: error: comparison between pointer and integer [-Werror]
  122 |       cadena[i] == ']' && (char*) top(P) == '[' ||
      |                                          ^~
exercises.c:121:27: error: suggest parentheses around ‘&&’ within ‘||’ [-Werror=parentheses]
  121 |       if(cadena[i] == ')' && (char*) top(P) == '(' ||
      |          ~~~~~~~~~~~~~~~~~^~~~~~~~~~~~~~~~~~~~~~~~
exercises.c:123:42: error: comparison between pointer and integer [-Werror]
  123 |       cadena[i] == '}' && (char*) top(P) == '{') pop(P);
      |                                          ^~
exercises.c:123:24: error: suggest parentheses around ‘&&’ within ‘||’ [-Werror=parentheses]
  123 |       cadena[i] == '}' && (char*) top(P) == '{') pop(P);
      |       ~~~~~~~~~~~~~~~~~^~~~~~~~~~~~~~~~~~~~~~~~
exercises.c:129:1: error: control reaches end of non-void function [-Werror=return-type]
  129 | }
      | ^
cc1: all warnings being treated as errors
Compilation failed
dfbc85c
Thu 21 Mar 2024 07:54:01 PM UTC: 
 exercises.c | 6 +++---
 1 file changed, 3 insertions(+), 3 deletions(-)
In file included from test.c:5:
exercises.c: In function ‘parentesisBalanceados’:
exercises.c:121:27: error: suggest parentheses around ‘&&’ within ‘||’ [-Werror=parentheses]
  121 |       if(cadena[i] == ')' && *(char *) top(P) == '(' ||
      |          ~~~~~~~~~~~~~~~~~^~~~~~~~~~~~~~~~~~~~~~~~~~
exercises.c:123:24: error: suggest parentheses around ‘&&’ within ‘||’ [-Werror=parentheses]
  123 |       cadena[i] == '}' &&  *(char *) top(P) == '{') pop(P);
      |       ~~~~~~~~~~~~~~~~~^~~~~~~~~~~~~~~~~~~~~~~~~~~
exercises.c:129:1: error: control reaches end of non-void function [-Werror=return-type]
  129 | }
      | ^
cc1: all warnings being treated as errors
Compilation failed
86031fc
Thu 21 Mar 2024 07:56:36 PM UTC: 
 exercises.c | 7 ++++---
 1 file changed, 4 insertions(+), 3 deletions(-)
In file included from test.c:5:
exercises.c: In function ‘parentesisBalanceados’:
exercises.c:130:1: error: control reaches end of non-void function [-Werror=return-type]
  130 | }
      | ^
cc1: all warnings being treated as errors
Compilation failed
c03a84c
